e:\uni projects\anul ii\modern c++\proiect\projectmoderncpp\triviadorgame\triviadorgame\x64\debug\vc142.pdb
e:\uni projects\anul ii\modern c++\proiect\projectmoderncpp\triviadorgame\triviadorgame\x64\debug\vc142.idb
e:\uni projects\anul ii\modern c++\proiect\projectmoderncpp\triviadorgame\triviadorgame\x64\debug\route.obj
e:\uni projects\anul ii\modern c++\proiect\projectmoderncpp\triviadorgame\triviadorgame\x64\debug\region.obj
e:\uni projects\anul ii\modern c++\proiect\projectmoderncpp\triviadorgame\triviadorgame\x64\debug\questionmanager.obj
e:\uni projects\anul ii\modern c++\proiect\projectmoderncpp\triviadorgame\triviadorgame\x64\debug\question.obj
e:\uni projects\anul ii\modern c++\proiect\projectmoderncpp\triviadorgame\triviadorgame\x64\debug\player.obj
e:\uni projects\anul ii\modern c++\proiect\projectmoderncpp\triviadorgame\triviadorgame\x64\debug\map.obj
e:\uni projects\anul ii\modern c++\proiect\projectmoderncpp\triviadorgame\triviadorgame\x64\debug\main.obj
e:\uni projects\anul ii\modern c++\proiect\projectmoderncpp\triviadorgame\triviadorgame\x64\debug\game.obj
e:\uni projects\anul ii\modern c++\proiect\projectmoderncpp\triviadorgame\triviadorgame\x64\debug\database.obj
e:\uni projects\anul ii\modern c++\proiect\projectmoderncpp\triviadorgame\x64\debug\triviadorgame.exe
e:\uni projects\anul ii\modern c++\proiect\projectmoderncpp\triviadorgame\triviadorgame\x64\debug\triviadorgame.ilk
e:\uni projects\anul ii\modern c++\proiect\projectmoderncpp\triviadorgame\x64\debug\triviadorgame.pdb
e:\uni projects\anul ii\modern c++\proiect\projectmoderncpp\triviadorgame\x64\debug\sqlite3.dll
e:\uni projects\anul ii\modern c++\proiect\projectmoderncpp\triviadorgame\triviadorgame\x64\debug\triviadorgame.tlog\cl.command.1.tlog
e:\uni projects\anul ii\modern c++\proiect\projectmoderncpp\triviadorgame\triviadorgame\x64\debug\triviadorgame.tlog\cl.read.1.tlog
e:\uni projects\anul ii\modern c++\proiect\projectmoderncpp\triviadorgame\triviadorgame\x64\debug\triviadorgame.tlog\cl.write.1.tlog
e:\uni projects\anul ii\modern c++\proiect\projectmoderncpp\triviadorgame\triviadorgame\x64\debug\triviadorgame.tlog\link.command.1.tlog
e:\uni projects\anul ii\modern c++\proiect\projectmoderncpp\triviadorgame\triviadorgame\x64\debug\triviadorgame.tlog\link.read.1.tlog
e:\uni projects\anul ii\modern c++\proiect\projectmoderncpp\triviadorgame\triviadorgame\x64\debug\triviadorgame.tlog\link.write.1.tlog
e:\uni projects\anul ii\modern c++\proiect\projectmoderncpp\triviadorgame\triviadorgame\x64\debug\triviadorgame.tlog\triviadorgame.write.1u.tlog
